# JRE version: OpenJDK Runtime Environment Microsoft-8035246 (17.0.8+7) (build 17.0.8+7-LTS)
# Java VM: OpenJDK 64-Bit Server VM Microsoft-8035246 (17.0.8+7-LTS, mixed mode, sharing, tiered, compressed oops, compressed class ptrs, g1 gc, windows-amd64)
GC Precious Log:
 CPUs: 8 total, 8 available
 Memory: 7959M
 Large Page Support: Disabled
 NUMA Support: Disabled
 Compressed Oops: Enabled (32-bit)
 Heap Region Size: 1M
 Heap Min Capacity: 8M
 Heap Initial Capacity: 126M
 Heap Max Capacity: 2G
 Pre-touch: Disabled
 Parallel Workers: 8
 Concurrent Workers: 2
 Concurrent Refinement Workers: 8
 Periodic GC: Disabled
Heap:
 garbage-first heap   total 387072K, used 234406K [0x0000000080000000, 0x0000000100000000)
  region size 1024K, 42 young (43008K), 9 survivors (9216K)
 Metaspace       used 108267K, committed 109312K, reserved 557056K
  class space    used 15063K, committed 15552K, reserved 425984K
GC Heap History (20 events):
Event: 63.465 GC heap before
{Heap before GC invocations=66 (full 0):
 garbage-first heap   total 248832K, used 140668K [0x0000000080000000, 0x0000000100000000)
  region size 1024K, 12 young (12288K), 6 survivors (6144K)
 Metaspace       used 98890K, committed 99840K, reserved 557056K
  class space    used 13894K, committed 14336K, reserved 425984K
}
Event: 63.476 GC heap after
{Heap after GC invocations=67 (full 0):
 garbage-first heap   total 248832K, used 134580K [0x0000000080000000, 0x0000000100000000)
  region size 1024K, 1 young (1024K), 1 survivors (1024K)
 Metaspace       used 98890K, committed 99840K, reserved 557056K
  class space    used 13894K, committed 14336K, reserved 425984K
}
Event: 64.571 GC heap before
{Heap before GC invocations=67 (full 0):
 garbage-first heap   total 248832K, used 189876K [0x0000000080000000, 0x0000000100000000)
  region size 1024K, 55 young (56320K), 1 survivors (1024K)
 Metaspace       used 100281K, committed 101248K, reserved 557056K
  class space    used 14064K, committed 14528K, reserved 425984K
}
Event: 64.581 GC heap after
{Heap after GC invocations=68 (full 0):
 garbage-first heap   total 248832K, used 140735K [0x0000000080000000, 0x0000000100000000)
  region size 1024K, 7 young (7168K), 7 survivors (7168K)
 Metaspace       used 100281K, committed 101248K, reserved 557056K
  class space    used 14064K, committed 14528K, reserved 425984K
}
Event: 65.477 GC heap before
{Heap before GC invocations=69 (full 0):
 garbage-first heap   total 248832K, used 193983K [0x0000000080000000, 0x0000000100000000)
  region size 1024K, 59 young (60416K), 7 survivors (7168K)
 Metaspace       used 100354K, committed 101376K, reserved 557056K
  class space    used 14067K, committed 14528K, reserved 425984K
}
Event: 65.501 GC heap after
{Heap after GC invocations=70 (full 0):
 garbage-first heap   total 248832K, used 150629K [0x0000000080000000, 0x0000000100000000)
  region size 1024K, 8 young (8192K), 8 survivors (8192K)
 Metaspace       used 100354K, committed 101376K, reserved 557056K
  class space    used 14067K, committed 14528K, reserved 425984K
}
Event: 65.781 GC heap before
{Heap before GC invocations=70 (full 0):
 garbage-first heap   total 248832K, used 154725K [0x0000000080000000, 0x0000000100000000)
  region size 1024K, 12 young (12288K), 8 survivors (8192K)
 Metaspace       used 100408K, committed 101440K, reserved 557056K
  class space    used 14074K, committed 14528K, reserved 425984K
}
Event: 65.793 GC heap after
{Heap after GC invocations=71 (full 0):
 garbage-first heap   total 248832K, used 151922K [0x0000000080000000, 0x0000000100000000)
  region size 1024K, 2 young (2048K), 2 survivors (2048K)
 Metaspace       used 100408K, committed 101440K, reserved 557056K
  class space    used 14074K, committed 14528K, reserved 425984K
}
Event: 67.641 GC heap before
{Heap before GC invocations=71 (full 0):
 garbage-first heap   total 248832K, used 201074K [0x0000000080000000, 0x0000000100000000)
  region size 1024K, 47 young (48128K), 2 survivors (2048K)
 Metaspace       used 100859K, committed 101888K, reserved 557056K
  class space    used 14125K, committed 14592K, reserved 425984K
}
Event: 67.654 GC heap after
{Heap after GC invocations=72 (full 0):
 garbage-first heap   total 248832K, used 162816K [0x0000000080000000, 0x0000000100000000)
  region size 1024K, 6 young (6144K), 6 survivors (6144K)
 Metaspace       used 100859K, committed 101888K, reserved 557056K
  class space    used 14125K, committed 14592K, reserved 425984K
}
Event: 68.994 GC heap before
{Heap before GC invocations=73 (full 0):
 garbage-first heap   total 281600K, used 199680K [0x0000000080000000, 0x0000000100000000)
  region size 1024K, 42 young (43008K), 6 survivors (6144K)
 Metaspace       used 103085K, committed 104256K, reserved 557056K
  class space    used 14481K, committed 15040K, reserved 425984K
}
Event: 69.010 GC heap after
{Heap after GC invocations=74 (full 0):
 garbage-first heap   total 281600K, used 166434K [0x0000000080000000, 0x0000000100000000)
  region size 1024K, 4 young (4096K), 4 survivors (4096K)
 Metaspace       used 103085K, committed 104256K, reserved 557056K
  class space    used 14481K, committed 15040K, reserved 425984K
}
Event: 69.304 GC heap before
{Heap before GC invocations=74 (full 0):
 garbage-first heap   total 281600K, used 175650K [0x0000000080000000, 0x0000000100000000)
  region size 1024K, 13 young (13312K), 4 survivors (4096K)
 Metaspace       used 103795K, committed 104896K, reserved 557056K
  class space    used 14576K, committed 15104K, reserved 425984K
}
Event: 69.315 GC heap after
{Heap after GC invocations=75 (full 0):
 garbage-first heap   total 281600K, used 166885K [0x0000000080000000, 0x0000000100000000)
  region size 1024K, 1 young (1024K), 1 survivors (1024K)
 Metaspace       used 103795K, committed 104896K, reserved 557056K
  class space    used 14576K, committed 15104K, reserved 425984K
}
Event: 71.328 GC heap before
{Heap before GC invocations=75 (full 0):
 garbage-first heap   total 281600K, used 223205K [0x0000000080000000, 0x0000000100000000)
  region size 1024K, 56 young (57344K), 1 survivors (1024K)
 Metaspace       used 106456K, committed 107520K, reserved 557056K
  class space    used 14861K, committed 15360K, reserved 425984K
}
Event: 71.344 GC heap after
{Heap after GC invocations=76 (full 0):
 garbage-first heap   total 387072K, used 173962K [0x0000000080000000, 0x0000000100000000)
  region size 1024K, 7 young (7168K), 7 survivors (7168K)
 Metaspace       used 106456K, committed 107520K, reserved 557056K
  class space    used 14861K, committed 15360K, reserved 425984K
}
Event: 74.658 GC heap before
{Heap before GC invocations=76 (full 0):
 garbage-first heap   total 387072K, used 290698K [0x0000000080000000, 0x0000000100000000)
  region size 1024K, 122 young (124928K), 7 survivors (7168K)
 Metaspace       used 107901K, committed 109056K, reserved 557056K
  class space    used 15046K, committed 15552K, reserved 425984K
}
Event: 74.687 GC heap after
{Heap after GC invocations=77 (full 0):
 garbage-first heap   total 387072K, used 184347K [0x0000000080000000, 0x0000000100000000)
  region size 1024K, 16 young (16384K), 16 survivors (16384K)
 Metaspace       used 107901K, committed 109056K, reserved 557056K
  class space    used 15046K, committed 15552K, reserved 425984K
}
Event: 78.019 GC heap before
{Heap before GC invocations=77 (full 0):
 garbage-first heap   total 387072K, used 308251K [0x0000000080000000, 0x0000000100000000)
  region size 1024K, 126 young (129024K), 16 survivors (16384K)
 Metaspace       used 108133K, committed 109248K, reserved 557056K
  class space    used 15052K, committed 15552K, reserved 425984K
}
Event: 78.092 GC heap after
{Heap after GC invocations=78 (full 0):
 garbage-first heap   total 387072K, used 193446K [0x0000000080000000, 0x0000000100000000)
  region size 1024K, 9 young (9216K), 9 survivors (9216K)
 Metaspace       used 108133K, committed 109248K, reserved 557056K
  class space    used 15052K, committed 15552K, reserved 425984K
}

